  Source.cpp
D:\CS286\mipsSimV2FINAL\mipsSimV2FINAL\Source.cpp(34,17): error C2079: 'ss' uses undefined class 'std::basic_stringstream<char,std::char_traits<char>,std::allocator<char>>'
D:\CS286\mipsSimV2FINAL\mipsSimV2FINAL\Source.cpp(35,7): error C2297: '<<': not valid as right operand has type 'const char [2]'
D:\CS286\mipsSimV2FINAL\mipsSimV2FINAL\Source.cpp(35,23): error C2297: '<<': not valid as right operand has type 'const char [2]'
D:\CS286\mipsSimV2FINAL\mipsSimV2FINAL\Source.cpp(35,31): warning C4552: '<<': result of expression not used
D:\CS286\mipsSimV2FINAL\mipsSimV2FINAL\Source.cpp(44,18): error C2079: 'ss' uses undefined class 'std::basic_stringstream<char,std::char_traits<char>,std::allocator<char>>'
D:\CS286\mipsSimV2FINAL\mipsSimV2FINAL\Source.cpp(45,8): warning C4552: '<<': result of expression not used
D:\CS286\mipsSimV2FINAL\mipsSimV2FINAL\Source.cpp(54,18): error C2079: 'ss' uses undefined class 'std::basic_stringstream<char,std::char_traits<char>,std::allocator<char>>'
D:\CS286\mipsSimV2FINAL\mipsSimV2FINAL\Source.cpp(60,18): error C2079: 'ss' uses undefined class 'std::basic_stringstream<char,std::char_traits<char>,std::allocator<char>>'
D:\CS286\mipsSimV2FINAL\mipsSimV2FINAL\Source.cpp(69,18): error C2079: 'ss' uses undefined class 'std::basic_stringstream<char,std::char_traits<char>,std::allocator<char>>'
D:\CS286\mipsSimV2FINAL\mipsSimV2FINAL\Source.cpp(70,8): error C2297: '<<': not valid as right operand has type 'const char [5]'
D:\CS286\mipsSimV2FINAL\mipsSimV2FINAL\Source.cpp(70,25): error C2297: '<<': not valid as right operand has type 'const char [3]'
D:\CS286\mipsSimV2FINAL\mipsSimV2FINAL\Source.cpp(70,40): error C2297: '<<': not valid as right operand has type 'const char [3]'
D:\CS286\mipsSimV2FINAL\mipsSimV2FINAL\Source.cpp(70,54): error C2297: '<<': not valid as right operand has type 'const char [2]'
D:\CS286\mipsSimV2FINAL\mipsSimV2FINAL\Source.cpp(70,54): warning C4552: '<<': result of expression not used
D:\CS286\mipsSimV2FINAL\mipsSimV2FINAL\Source.cpp(78,18): error C2079: 'ss' uses undefined class 'std::basic_stringstream<char,std::char_traits<char>,std::allocator<char>>'
D:\CS286\mipsSimV2FINAL\mipsSimV2FINAL\Source.cpp(79,8): error C2297: '<<': not valid as right operand has type 'const char [5]'
D:\CS286\mipsSimV2FINAL\mipsSimV2FINAL\Source.cpp(79,25): error C2297: '<<': not valid as right operand has type 'const char [3]'
D:\CS286\mipsSimV2FINAL\mipsSimV2FINAL\Source.cpp(79,40): error C2297: '<<': not valid as right operand has type 'const char [3]'
D:\CS286\mipsSimV2FINAL\mipsSimV2FINAL\Source.cpp(79,54): error C2297: '<<': not valid as right operand has type 'const char [2]'
D:\CS286\mipsSimV2FINAL\mipsSimV2FINAL\Source.cpp(79,54): warning C4552: '<<': result of expression not used
D:\CS286\mipsSimV2FINAL\mipsSimV2FINAL\Source.cpp(87,18): error C2079: 'ss' uses undefined class 'std::basic_stringstream<char,std::char_traits<char>,std::allocator<char>>'
D:\CS286\mipsSimV2FINAL\mipsSimV2FINAL\Source.cpp(88,8): error C2297: '<<': not valid as right operand has type 'const char [7]'
D:\CS286\mipsSimV2FINAL\mipsSimV2FINAL\Source.cpp(88,27): error C2297: '<<': not valid as right operand has type 'const char [4]'
D:\CS286\mipsSimV2FINAL\mipsSimV2FINAL\Source.cpp(88,36): warning C4552: '<<': result of expression not used
D:\CS286\mipsSimV2FINAL\mipsSimV2FINAL\Source.cpp(96,18): error C2079: 'ss' uses undefined class 'std::basic_stringstream<char,std::char_traits<char>,std::allocator<char>>'
D:\CS286\mipsSimV2FINAL\mipsSimV2FINAL\Source.cpp(102,18): error C2079: 'ss' uses undefined class 'std::basic_stringstream<char,std::char_traits<char>,std::allocator<char>>'
D:\CS286\mipsSimV2FINAL\mipsSimV2FINAL\Source.cpp(108,18): error C2079: 'ss' uses undefined class 'std::basic_stringstream<char,std::char_traits<char>,std::allocator<char>>'
D:\CS286\mipsSimV2FINAL\mipsSimV2FINAL\Source.cpp(114,18): error C2079: 'ss' uses undefined class 'std::basic_stringstream<char,std::char_traits<char>,std::allocator<char>>'
D:\CS286\mipsSimV2FINAL\mipsSimV2FINAL\Source.cpp(120,18): error C2079: 'ss' uses undefined class 'std::basic_stringstream<char,std::char_traits<char>,std::allocator<char>>'
D:\CS286\mipsSimV2FINAL\mipsSimV2FINAL\Source.cpp(126,18): error C2079: 'ss' uses undefined class 'std::basic_stringstream<char,std::char_traits<char>,std::allocator<char>>'
D:\CS286\mipsSimV2FINAL\mipsSimV2FINAL\Source.cpp(132,18): error C2079: 'ss' uses undefined class 'std::basic_stringstream<char,std::char_traits<char>,std::allocator<char>>'
D:\CS286\mipsSimV2FINAL\mipsSimV2FINAL\Source.cpp(138,18): error C2079: 'ss' uses undefined class 'std::basic_stringstream<char,std::char_traits<char>,std::allocator<char>>'
D:\CS286\mipsSimV2FINAL\mipsSimV2FINAL\Source.cpp(144,18): error C2079: 'ss' uses undefined class 'std::basic_stringstream<char,std::char_traits<char>,std::allocator<char>>'
D:\CS286\mipsSimV2FINAL\mipsSimV2FINAL\Source.cpp(169,15): error C2079: 'ss1' uses undefined class 'std::basic_stringstream<char,std::char_traits<char>,std::allocator<char>>'
D:\CS286\mipsSimV2FINAL\mipsSimV2FINAL\Source.cpp(170,10): error C2664: 'std::basic_ios<char,std::char_traits<char>> &std::basic_ios<char,std::char_traits<char>>::copyfmt(const std::basic_ios<char,std::char_traits<char>> &)': cannot convert argument 1 from 'int' to 'const std::basic_ios<char,std::char_traits<char>> &'
D:\CS286\mipsSimV2FINAL\mipsSimV2FINAL\Source.cpp(170,19): message : Reason: cannot convert from 'int' to 'const std::basic_ios<char,std::char_traits<char>>'
D:\CS286\mipsSimV2FINAL\mipsSimV2FINAL\Source.cpp(170,19): message : No constructor could take the source type, or constructor overload resolution was ambiguous
C:\Program Files\Microsoft Visual Studio\2022\Community\VC\Tools\MSVC\14.34.31933\include\ios(61,35): message : see declaration of 'std::basic_ios<char,std::char_traits<char>>::copyfmt'
D:\CS286\mipsSimV2FINAL\mipsSimV2FINAL\Source.cpp(170,10): message : while trying to match the argument list '(int)'
D:\CS286\mipsSimV2FINAL\mipsSimV2FINAL\Source.cpp(172,6): error C2297: '<<': not valid as right operand has type 'const char [28]'
D:\CS286\mipsSimV2FINAL\mipsSimV2FINAL\Source.cpp(172,49): error C2297: '<<': not valid as right operand has type 'const char [2]'
D:\CS286\mipsSimV2FINAL\mipsSimV2FINAL\Source.cpp(172,62): error C2297: '<<': not valid as right operand has type 'const char [2]'
D:\CS286\mipsSimV2FINAL\mipsSimV2FINAL\Source.cpp(172,70): error C2677: binary '<<': no global operator found which takes type 'std::string' (or there is no acceptable conversion)
C:\Program Files\Microsoft Visual Studio\2022\Community\VC\Tools\MSVC\14.34.31933\include\bitset(517,28): message : could be 'std::basic_ostream<_Elem,_Traits> &std::operator <<(std::basic_ostream<_Elem,_Traits> &,const std::bitset<_Bits> &)'
D:\CS286\mipsSimV2FINAL\mipsSimV2FINAL\Source.cpp(172,62): message : 'std::basic_ostream<_Elem,_Traits> &std::operator <<(std::basic_ostream<_Elem,_Traits> &,const std::bitset<_Bits> &)': could not deduce template argument for 'std::basic_ostream<_Elem,_Traits> &' from 'int'
C:\Program Files\Microsoft Visual Studio\2022\Community\VC\Tools\MSVC\14.34.31933\include\ostream(1075,32): message : or       'std::basic_ostream<_Elem,_Traits> &std::operator <<(std::basic_ostream<_Elem,_Traits> &,const std::error_code &)'
D:\CS286\mipsSimV2FINAL\mipsSimV2FINAL\Source.cpp(172,62): message : 'std::basic_ostream<_Elem,_Traits> &std::operator <<(std::basic_ostream<_Elem,_Traits> &,const std::error_code &)': could not deduce template argument for 'std::basic_ostream<_Elem,_Traits> &' from 'int'
C:\Program Files\Microsoft Visual Studio\2022\Community\VC\Tools\MSVC\14.34.31933\include\ostream(998,9): message : or       '_Ostr &&std::operator <<(_Ostr &&,const _Ty &)'
D:\CS286\mipsSimV2FINAL\mipsSimV2FINAL\Source.cpp(172,80): message : '_Ostr &&std::operator <<(_Ostr &&,const _Ty &)': could not deduce template argument for '__formal'
C:\Program Files\Microsoft Visual Studio\2022\Community\VC\Tools\MSVC\14.34.31933\include\ostream(940,31): message : or       'std::basic_ostream<char,_Traits> &std::operator <<(std::basic_ostream<char,_Traits> &,unsigned char)'
D:\CS286\mipsSimV2FINAL\mipsSimV2FINAL\Source.cpp(172,62): message : 'std::basic_ostream<char,_Traits> &std::operator <<(std::basic_ostream<char,_Traits> &,unsigned char)': could not deduce template argument for 'std::basic_ostream<char,_Traits> &' from 'int'
C:\Program Files\Microsoft Visual Studio\2022\Community\VC\Tools\MSVC\14.34.31933\include\ostream(934,31): message : or       'std::basic_ostream<char,_Traits> &std::operator <<(std::basic_ostream<char,_Traits> &,const unsigned char *)'
D:\CS286\mipsSimV2FINAL\mipsSimV2FINAL\Source.cpp(172,62): message : 'std::basic_ostream<char,_Traits> &std::operator <<(std::basic_ostream<char,_Traits> &,const unsigned char *)': could not deduce template argument for 'std::basic_ostream<char,_Traits> &' from 'int'
C:\Program Files\Microsoft Visual Studio\2022\Community\VC\Tools\MSVC\14.34.31933\include\ostream(929,31): message : or       'std::basic_ostream<char,_Traits> &std::operator <<(std::basic_ostream<char,_Traits> &,signed char)'
D:\CS286\mipsSimV2FINAL\mipsSimV2FINAL\Source.cpp(172,62): message : 'std::basic_ostream<char,_Traits> &std::operator <<(std::basic_ostream<char,_Traits> &,signed char)': could not deduce template argument for 'std::basic_ostream<char,_Traits> &' from 'int'
C:\Program Files\Microsoft Visual Studio\2022\Community\VC\Tools\MSVC\14.34.31933\include\ostream(923,31): message : or       'std::basic_ostream<char,_Traits> &std::operator <<(std::basic_ostream<char,_Traits> &,const signed char *)'
D:\CS286\mipsSimV2FINAL\mipsSimV2FINAL\Source.cpp(172,62): message : 'std::basic_ostream<char,_Traits> &std::operator <<(std::basic_ostream<char,_Traits> &,const signed char *)': could not deduce template argument for 'std::basic_ostream<char,_Traits> &' from 'int'
C:\Program Files\Microsoft Visual Studio\2022\Community\VC\Tools\MSVC\14.34.31933\include\ostream(887,32): message : or       'std::basic_ostream<_Elem,_Traits> &std::operator <<(std::basic_ostream<_Elem,_Traits> &,_Elem)'
D:\CS286\mipsSimV2FINAL\mipsSimV2FINAL\Source.cpp(172,62): message : 'std::basic_ostream<_Elem,_Traits> &std::operator <<(std::basic_ostream<_Elem,_Traits> &,_Elem)': could not deduce template argument for 'std::basic_ostream<_Elem,_Traits> &' from 'int'
C:\Program Files\Microsoft Visual Studio\2022\Community\VC\Tools\MSVC\14.34.31933\include\ostream(844,32): message : or       'std::basic_ostream<_Elem,_Traits> &std::operator <<(std::basic_ostream<_Elem,_Traits> &,const _Elem *)'
D:\CS286\mipsSimV2FINAL\mipsSimV2FINAL\Source.cpp(172,62): message : 'std::basic_ostream<_Elem,_Traits> &std::operator <<(std::basic_ostream<_Elem,_Traits> &,const _Elem *)': could not deduce template argument for 'std::basic_ostream<_Elem,_Traits> &' from 'int'
C:\Program Files\Microsoft Visual Studio\2022\Community\VC\Tools\MSVC\14.34.31933\include\ostream(806,31): message : or       'std::basic_ostream<char,_Traits> &std::operator <<(std::basic_ostream<char,_Traits> &,char)'
D:\CS286\mipsSimV2FINAL\mipsSimV2FINAL\Source.cpp(172,62): message : 'std::basic_ostream<char,_Traits> &std::operator <<(std::basic_ostream<char,_Traits> &,char)': could not deduce template argument for 'std::basic_ostream<char,_Traits> &' from 'int'
C:\Program Files\Microsoft Visual Studio\2022\Community\VC\Tools\MSVC\14.34.31933\include\ostream(761,31): message : or       'std::basic_ostream<char,_Traits> &std::operator <<(std::basic_ostream<char,_Traits> &,const char *)'
D:\CS286\mipsSimV2FINAL\mipsSimV2FINAL\Source.cpp(172,62): message : 'std::basic_ostream<char,_Traits> &std::operator <<(std::basic_ostream<char,_Traits> &,const char *)': could not deduce template argument for 'std::basic_ostream<char,_Traits> &' from 'int'
C:\Program Files\Microsoft Visual Studio\2022\Community\VC\Tools\MSVC\14.34.31933\include\ostream(725,32): message : or       'std::basic_ostream<_Elem,_Traits> &std::operator <<(std::basic_ostream<_Elem,_Traits> &,char)'
D:\CS286\mipsSimV2FINAL\mipsSimV2FINAL\Source.cpp(172,62): message : 'std::basic_ostream<_Elem,_Traits> &std::operator <<(std::basic_ostream<_Elem,_Traits> &,char)': could not deduce template argument for 'std::basic_ostream<_Elem,_Traits> &' from 'int'
C:\Program Files\Microsoft Visual Studio\2022\Community\VC\Tools\MSVC\14.34.31933\include\ostream(681,32): message : or       'std::basic_ostream<_Elem,_Traits> &std::operator <<(std::basic_ostream<_Elem,_Traits> &,const char *)'
D:\CS286\mipsSimV2FINAL\mipsSimV2FINAL\Source.cpp(172,62): message : 'std::basic_ostream<_Elem,_Traits> &std::operator <<(std::basic_ostream<_Elem,_Traits> &,const char *)': could not deduce template argument for 'std::basic_ostream<_Elem,_Traits> &' from 'int'
C:\Program Files\Microsoft Visual Studio\2022\Community\VC\Tools\MSVC\14.34.31933\include\memory(3599,32): message : or       'std::basic_ostream<_Elem,_Traits> &std::operator <<(std::basic_ostream<_Elem,_Traits> &,const std::unique_ptr<_Ty2,_Dx2> &)'
D:\CS286\mipsSimV2FINAL\mipsSimV2FINAL\Source.cpp(172,62): message : 'std::basic_ostream<_Elem,_Traits> &std::operator <<(std::basic_ostream<_Elem,_Traits> &,const std::unique_ptr<_Ty2,_Dx2> &)': could not deduce template argument for 'std::basic_ostream<_Elem,_Traits> &' from 'int'
C:\Program Files\Microsoft Visual Studio\2022\Community\VC\Tools\MSVC\14.34.31933\include\memory(1915,32): message : or       'std::basic_ostream<_Elem,_Traits> &std::operator <<(std::basic_ostream<_Elem,_Traits> &,const std::shared_ptr<_Ty> &)'
D:\CS286\mipsSimV2FINAL\mipsSimV2FINAL\Source.cpp(172,62): message : 'std::basic_ostream<_Elem,_Traits> &std::operator <<(std::basic_ostream<_Elem,_Traits> &,const std::shared_ptr<_Ty> &)': could not deduce template argument for 'std::basic_ostream<_Elem,_Traits> &' from 'int'
C:\Program Files\Microsoft Visual Studio\2022\Community\VC\Tools\MSVC\14.34.31933\include\xstring(5363,32): message : or       'std::basic_ostream<_Elem,_Traits> &std::operator <<(std::basic_ostream<_Elem,_Traits> &,const std::basic_string<_Elem,_Traits,_Alloc> &)'
D:\CS286\mipsSimV2FINAL\mipsSimV2FINAL\Source.cpp(172,62): message : 'std::basic_ostream<_Elem,_Traits> &std::operator <<(std::basic_ostream<_Elem,_Traits> &,const std::basic_string<_Elem,_Traits,_Alloc> &)': could not deduce template argument for 'std::basic_ostream<_Elem,_Traits> &' from 'int'
D:\CS286\mipsSimV2FINAL\mipsSimV2FINAL\Source.cpp(175,8): error C2297: '<<': not valid as right operand has type 'const char [3]'
D:\CS286\mipsSimV2FINAL\mipsSimV2FINAL\Source.cpp(175,17): error C2677: binary '<<': no global operator found which takes type 'std::_Fillobj<char>' (or there is no acceptable conversion)
C:\Program Files\Microsoft Visual Studio\2022\Community\VC\Tools\MSVC\14.34.31933\include\bitset(517,28): message : could be 'std::basic_ostream<_Elem,_Traits> &std::operator <<(std::basic_ostream<_Elem,_Traits> &,const std::bitset<_Bits> &)'
D:\CS286\mipsSimV2FINAL\mipsSimV2FINAL\Source.cpp(175,8): message : 'std::basic_ostream<_Elem,_Traits> &std::operator <<(std::basic_ostream<_Elem,_Traits> &,const std::bitset<_Bits> &)': could not deduce template argument for 'std::basic_ostream<_Elem,_Traits> &' from 'int'
C:\Program Files\Microsoft Visual Studio\2022\Community\VC\Tools\MSVC\14.34.31933\include\ostream(1075,32): message : or       'std::basic_ostream<_Elem,_Traits> &std::operator <<(std::basic_ostream<_Elem,_Traits> &,const std::error_code &)'
D:\CS286\mipsSimV2FINAL\mipsSimV2FINAL\Source.cpp(175,8): message : 'std::basic_ostream<_Elem,_Traits> &std::operator <<(std::basic_ostream<_Elem,_Traits> &,const std::error_code &)': could not deduce template argument for 'std::basic_ostream<_Elem,_Traits> &' from 'int'
C:\Program Files\Microsoft Visual Studio\2022\Community\VC\Tools\MSVC\14.34.31933\include\ostream(998,9): message : or       '_Ostr &&std::operator <<(_Ostr &&,const _Ty &)'
D:\CS286\mipsSimV2FINAL\mipsSimV2FINAL\Source.cpp(175,38): message : '_Ostr &&std::operator <<(_Ostr &&,const _Ty &)': could not deduce template argument for '__formal'
C:\Program Files\Microsoft Visual Studio\2022\Community\VC\Tools\MSVC\14.34.31933\include\ostream(940,31): message : or       'std::basic_ostream<char,_Traits> &std::operator <<(std::basic_ostream<char,_Traits> &,unsigned char)'
D:\CS286\mipsSimV2FINAL\mipsSimV2FINAL\Source.cpp(175,8): message : 'std::basic_ostream<char,_Traits> &std::operator <<(std::basic_ostream<char,_Traits> &,unsigned char)': could not deduce template argument for 'std::basic_ostream<char,_Traits> &' from 'int'
C:\Program Files\Microsoft Visual Studio\2022\Community\VC\Tools\MSVC\14.34.31933\include\ostream(934,31): message : or       'std::basic_ostream<char,_Traits> &std::operator <<(std::basic_ostream<char,_Traits> &,const unsigned char *)'
D:\CS286\mipsSimV2FINAL\mipsSimV2FINAL\Source.cpp(175,8): message : 'std::basic_ostream<char,_Traits> &std::operator <<(std::basic_ostream<char,_Traits> &,const unsigned char *)': could not deduce template argument for 'std::basic_ostream<char,_Traits> &' from 'int'
C:\Program Files\Microsoft Visual Studio\2022\Community\VC\Tools\MSVC\14.34.31933\include\ostream(929,31): message : or       'std::basic_ostream<char,_Traits> &std::operator <<(std::basic_ostream<char,_Traits> &,signed char)'
D:\CS286\mipsSimV2FINAL\mipsSimV2FINAL\Source.cpp(175,8): message : 'std::basic_ostream<char,_Traits> &std::operator <<(std::basic_ostream<char,_Traits> &,signed char)': could not deduce template argument for 'std::basic_ostream<char,_Traits> &' from 'int'
C:\Program Files\Microsoft Visual Studio\2022\Community\VC\Tools\MSVC\14.34.31933\include\ostream(923,31): message : or       'std::basic_ostream<char,_Traits> &std::operator <<(std::basic_ostream<char,_Traits> &,const signed char *)'
D:\CS286\mipsSimV2FINAL\mipsSimV2FINAL\Source.cpp(175,8): message : 'std::basic_ostream<char,_Traits> &std::operator <<(std::basic_ostream<char,_Traits> &,const signed char *)': could not deduce template argument for 'std::basic_ostream<char,_Traits> &' from 'int'
C:\Program Files\Microsoft Visual Studio\2022\Community\VC\Tools\MSVC\14.34.31933\include\ostream(887,32): message : or       'std::basic_ostream<_Elem,_Traits> &std::operator <<(std::basic_ostream<_Elem,_Traits> &,_Elem)'
D:\CS286\mipsSimV2FINAL\mipsSimV2FINAL\Source.cpp(175,8): message : 'std::basic_ostream<_Elem,_Traits> &std::operator <<(std::basic_ostream<_Elem,_Traits> &,_Elem)': could not deduce template argument for 'std::basic_ostream<_Elem,_Traits> &' from 'int'
C:\Program Files\Microsoft Visual Studio\2022\Community\VC\Tools\MSVC\14.34.31933\include\ostream(844,32): message : or       'std::basic_ostream<_Elem,_Traits> &std::operator <<(std::basic_ostream<_Elem,_Traits> &,const _Elem *)'
D:\CS286\mipsSimV2FINAL\mipsSimV2FINAL\Source.cpp(175,8): message : 'std::basic_ostream<_Elem,_Traits> &std::operator <<(std::basic_ostream<_Elem,_Traits> &,const _Elem *)': could not deduce template argument for 'std::basic_ostream<_Elem,_Traits> &' from 'int'
C:\Program Files\Microsoft Visual Studio\2022\Community\VC\Tools\MSVC\14.34.31933\include\ostream(806,31): message : or       'std::basic_ostream<char,_Traits> &std::operator <<(std::basic_ostream<char,_Traits> &,char)'
D:\CS286\mipsSimV2FINAL\mipsSimV2FINAL\Source.cpp(175,8): message : 'std::basic_ostream<char,_Traits> &std::operator <<(std::basic_ostream<char,_Traits> &,char)': could not deduce template argument for 'std::basic_ostream<char,_Traits> &' from 'int'
C:\Program Files\Microsoft Visual Studio\2022\Community\VC\Tools\MSVC\14.34.31933\include\ostream(761,31): message : or       'std::basic_ostream<char,_Traits> &std::operator <<(std::basic_ostream<char,_Traits> &,const char *)'
D:\CS286\mipsSimV2FINAL\mipsSimV2FINAL\Source.cpp(175,8): message : 'std::basic_ostream<char,_Traits> &std::operator <<(std::basic_ostream<char,_Traits> &,const char *)': could not deduce template argument for 'std::basic_ostream<char,_Traits> &' from 'int'
C:\Program Files\Microsoft Visual Studio\2022\Community\VC\Tools\MSVC\14.34.31933\include\ostream(725,32): message : or       'std::basic_ostream<_Elem,_Traits> &std::operator <<(std::basic_ostream<_Elem,_Traits> &,char)'
D:\CS286\mipsSimV2FINAL\mipsSimV2FINAL\Source.cpp(175,8): message : 'std::basic_ostream<_Elem,_Traits> &std::operator <<(std::basic_ostream<_Elem,_Traits> &,char)': could not deduce template argument for 'std::basic_ostream<_Elem,_Traits> &' from 'int'
C:\Program Files\Microsoft Visual Studio\2022\Community\VC\Tools\MSVC\14.34.31933\include\ostream(681,32): message : or       'std::basic_ostream<_Elem,_Traits> &std::operator <<(std::basic_ostream<_Elem,_Traits> &,const char *)'
D:\CS286\mipsSimV2FINAL\mipsSimV2FINAL\Source.cpp(175,8): message : 'std::basic_ostream<_Elem,_Traits> &std::operator <<(std::basic_ostream<_Elem,_Traits> &,const char *)': could not deduce template argument for 'std::basic_ostream<_Elem,_Traits> &' from 'int'
C:\Program Files\Microsoft Visual Studio\2022\Community\VC\Tools\MSVC\14.34.31933\include\memory(3599,32): message : or       'std::basic_ostream<_Elem,_Traits> &std::operator <<(std::basic_ostream<_Elem,_Traits> &,const std::unique_ptr<_Ty2,_Dx2> &)'
D:\CS286\mipsSimV2FINAL\mipsSimV2FINAL\Source.cpp(175,8): message : 'std::basic_ostream<_Elem,_Traits> &std::operator <<(std::basic_ostream<_Elem,_Traits> &,const std::unique_ptr<_Ty2,_Dx2> &)': could not deduce template argument for 'std::basic_ostream<_Elem,_Traits> &' from 'int'
C:\Program Files\Microsoft Visual Studio\2022\Community\VC\Tools\MSVC\14.34.31933\include\memory(1915,32): message : or       'std::basic_ostream<_Elem,_Traits> &std::operator <<(std::basic_ostream<_Elem,_Traits> &,const std::shared_ptr<_Ty> &)'
D:\CS286\mipsSimV2FINAL\mipsSimV2FINAL\Source.cpp(175,8): message : 'std::basic_ostream<_Elem,_Traits> &std::operator <<(std::basic_ostream<_Elem,_Traits> &,const std::shared_ptr<_Ty> &)': could not deduce template argument for 'std::basic_ostream<_Elem,_Traits> &' from 'int'
C:\Program Files\Microsoft Visual Studio\2022\Community\VC\Tools\MSVC\14.34.31933\include\xstring(5363,32): message : or       'std::basic_ostream<_Elem,_Traits> &std::operator <<(std::basic_ostream<_Elem,_Traits> &,const std::basic_string<_Elem,_Traits,_Alloc> &)'
D:\CS286\mipsSimV2FINAL\mipsSimV2FINAL\Source.cpp(175,8): message : 'std::basic_ostream<_Elem,_Traits> &std::operator <<(std::basic_ostream<_Elem,_Traits> &,const std::basic_string<_Elem,_Traits,_Alloc> &)': could not deduce template argument for 'std::basic_ostream<_Elem,_Traits> &' from 'int'
C:\Program Files\Microsoft Visual Studio\2022\Community\VC\Tools\MSVC\14.34.31933\include\iomanip(38,44): message : or       'std::basic_ostream<_Elem,_Traits> &std::operator <<(std::basic_ostream<_Elem,_Traits> &,const std::_Fillobj<char> &)'
D:\CS286\mipsSimV2FINAL\mipsSimV2FINAL\Source.cpp(175,8): message : 'std::basic_ostream<_Elem,_Traits> &std::operator <<(std::basic_ostream<_Elem,_Traits> &,const std::_Fillobj<char> &)': could not deduce template argument for 'std::basic_ostream<_Elem,_Traits> &' from 'int'
D:\CS286\mipsSimV2FINAL\mipsSimV2FINAL\Source.cpp(178,7): error C2297: '<<': not valid as right operand has type 'const char [2]'
D:\CS286\mipsSimV2FINAL\mipsSimV2FINAL\Source.cpp(178,15): warning C4552: '<<': result of expression not used
D:\CS286\mipsSimV2FINAL\mipsSimV2FINAL\Source.cpp(180,6): error C2297: '<<': not valid as right operand has type 'const char [8]'
D:\CS286\mipsSimV2FINAL\mipsSimV2FINAL\Source.cpp(180,6): warning C4552: '<<': result of expression not used
D:\CS286\mipsSimV2FINAL\mipsSimV2FINAL\Source.cpp(183,8): error C2297: '<<': not valid as right operand has type 'const char [2]'
D:\CS286\mipsSimV2FINAL\mipsSimV2FINAL\Source.cpp(183,21): error C2297: '<<': not valid as right operand has type 'const char [2]'
D:\CS286\mipsSimV2FINAL\mipsSimV2FINAL\Source.cpp(183,21): warning C4552: '<<': result of expression not used
D:\CS286\mipsSimV2FINAL\mipsSimV2FINAL\Source.cpp(184,7): error C2297: '<<': not valid as right operand has type 'const char [2]'
D:\CS286\mipsSimV2FINAL\mipsSimV2FINAL\Source.cpp(184,15): warning C4552: '<<': result of expression not used
D:\CS286\mipsSimV2FINAL\mipsSimV2FINAL\Source.cpp(186,6): error C2297: '<<': not valid as right operand has type 'const char [3]'
D:\CS286\mipsSimV2FINAL\mipsSimV2FINAL\Source.cpp(186,6): warning C4552: '<<': result of expression not used
D:\CS286\mipsSimV2FINAL\mipsSimV2FINAL\Source.cpp(260,19): error C2065: 'instr': undeclared identifier
D:\CS286\mipsSimV2FINAL\mipsSimV2FINAL\Source.cpp(264,19): error C2065: 'instr': undeclared identifier
D:\CS286\mipsSimV2FINAL\mipsSimV2FINAL\Source.cpp(274,9): error C2039: 'ALU': is not a member of 'main::processorState'
D:\CS286\mipsSimV2FINAL\mipsSimV2FINAL\Source.cpp(232,9): message : see declaration of 'main::processorState'
D:\CS286\mipsSimV2FINAL\mipsSimV2FINAL\Source.cpp(275,8): error C2064: term does not evaluate to a function taking 0 arguments
D:\CS286\mipsSimV2FINAL\mipsSimV2FINAL\Source.cpp(276,9): error C2039: 'ISSUE': is not a member of 'main::processorState'
D:\CS286\mipsSimV2FINAL\mipsSimV2FINAL\Source.cpp(232,9): message : see declaration of 'main::processorState'
D:\CS286\mipsSimV2FINAL\mipsSimV2FINAL\Source.cpp(277,9): error C2039: 'IF': is not a member of 'main::processorState'
D:\CS286\mipsSimV2FINAL\mipsSimV2FINAL\Source.cpp(232,9): message : see declaration of 'main::processorState'
D:\CS286\mipsSimV2FINAL\mipsSimV2FINAL\Source.cpp(203,11): error C4996: '_open': This function or variable may be unsafe. Consider using _sopen_s instead. To disable deprecation, use _CRT_SECURE_NO_WARNINGS. See online help for details.
